<?xml version="1.0" encoding="UTF-8"?>
<!-- Generated by org.testng.reporters.JUnitReportReporter -->
<testsuite hostname="DESKTOP-0RV8SGU" failures="0" tests="3" name="sep11.FirsttestNGclass" time="3.543" errors="0" timestamp="2023-09-13T14:38:45 IST" skipped="0">
  <testcase classname="sep11.FirsttestNGclass" name="branches" time="0.843">
    <system-out>
      <![CDATA[Executing branches test]]>
    </system-out>
  </testcase> <!-- branches -->
  <testcase classname="sep11.FirsttestNGclass" name="roles" time="0.799">
    <system-out>
      <![CDATA[Executing Roles test]]>
    </system-out>
  </testcase> <!-- roles -->
  <testcase classname="sep11.FirsttestNGclass" name="users" time="1.901">
    <system-out>
      <![CDATA[Executing users test]]>
    </system-out>
  </testcase> <!-- users -->
  <system-out>
    <![CDATA[Running Precondition
Executing branches test
Executing Roles test
Executing users test
Running Precondition
81524     Executing addition test
Running Postcondition
Running Precondition
419.13291139240505     Executing division test
Running Postcondition
Running Precondition
345635744     Executing multiplication test
Running Postcondition
Running Postcondition]]>
  </system-out>
</testsuite> <!-- sep11.FirsttestNGclass -->
