<?xml version="1.0" encoding="UTF-8"?>
<!-- Generated by org.testng.reporters.JUnitReportReporter -->
<testsuite hostname="DESKTOP-0RV8SGU" failures="0" tests="1" name="sep14.Assert_true" time="10.013" errors="0" timestamp="2023-09-14T15:31:19 IST" skipped="0">
  <testcase classname="sep14.Assert_true" name="starttest" time="10.013"/>
</testsuite> <!-- sep14.Assert_true -->
