<?xml version="1.0" encoding="UTF-8"?>
<!-- Generated by org.testng.reporters.JUnitReportReporter -->
<testsuite hostname="DESKTOP-0RV8SGU" failures="0" tests="3" name="sep11.ThirdtestNGclass" time="2.135" errors="0" timestamp="2023-09-13T14:38:45 IST" skipped="0">
  <testcase classname="sep11.ThirdtestNGclass" name="corporatebanking" time="0.795"/>
  <testcase classname="sep11.ThirdtestNGclass" name="internationalbanking" time="0.638"/>
  <testcase classname="sep11.ThirdtestNGclass" name="personalbanking" time="0.702"/>
  <system-out>
    <![CDATA[Running Precondition
Executing branches test
Executing Roles test
Executing users test
Running Precondition
81524     Executing addition test
Running Postcondition
Running Precondition
419.13291139240505     Executing division test
Running Postcondition
Running Precondition
345635744     Executing multiplication test
Running Postcondition
Running Postcondition]]>
  </system-out>
</testsuite> <!-- sep11.ThirdtestNGclass -->
