<?xml version="1.0" encoding="UTF-8"?>
<!-- Generated by org.testng.reporters.JUnitReportReporter -->
<testsuite hostname="DESKTOP-0RV8SGU" failures="0" tests="1" name="sep11.Apptest" time="0.718" errors="0" timestamp="2023-09-11T15:29:46 IST" skipped="0">
  <testcase classname="sep11.Apptest" name="click" time="0.718">
    <system-out>
      <![CDATA[clicked successfully]]>
    </system-out>
  </testcase> <!-- click -->
  <system-out>
    <![CDATA[Running Precondition
clicked successfully
Running Postcondition]]>
  </system-out>
</testsuite> <!-- sep11.Apptest -->
