<?xml version="1.0" encoding="UTF-8"?>
<!-- Generated by org.testng.reporters.JUnitReportReporter -->
<testsuite hostname="DESKTOP-0RV8SGU" failures="0" tests="10" name="sep14.Cross_browser_testing" time="25.934" errors="0" timestamp="2023-09-14T15:43:42 IST" skipped="0">
  <testcase classname="sep14.Cross_browser_testing" name="validate_Login" time="2.520">
    <system-out>
      <![CDATA[Login Success::dashboard     http://orangehrm.qedgetech.com/symfony/web/index.php/dashboard]]>
    </system-out>
  </testcase> <!-- validate_Login -->
  <testcase classname="sep14.Cross_browser_testing" name="validate_Login" time="0.745">
    <system-out>
      <![CDATA[Login Fail::dashboard     http://orangehrm.qedgetech.com/symfony/web/index.php/auth/validateCredentials]]>
    </system-out>
  </testcase> <!-- validate_Login -->
  <testcase classname="sep14.Cross_browser_testing" name="validate_Login" time="9.479">
    <system-out>
      <![CDATA[Login Success::dashboard     http://orangehrm.qedgetech.com/symfony/web/index.php/dashboard]]>
    </system-out>
  </testcase> <!-- validate_Login -->
  <testcase classname="sep14.Cross_browser_testing" name="validate_Login" time="1.566">
    <system-out>
      <![CDATA[Login Success::dashboard     http://orangehrm.qedgetech.com/symfony/web/index.php/dashboard]]>
    </system-out>
  </testcase> <!-- validate_Login -->
  <testcase classname="sep14.Cross_browser_testing" name="validate_Login" time="1.666">
    <system-out>
      <![CDATA[Login Success::dashboard     http://orangehrm.qedgetech.com/symfony/web/index.php/dashboard]]>
    </system-out>
  </testcase> <!-- validate_Login -->
  <testcase classname="sep14.Cross_browser_testing" name="validate_Login" time="1.433">
    <system-out>
      <![CDATA[Login Success::dashboard     http://orangehrm.qedgetech.com/symfony/web/index.php/dashboard]]>
    </system-out>
  </testcase> <!-- validate_Login -->
  <testcase classname="sep14.Cross_browser_testing" name="validate_Login" time="1.311">
    <system-out>
      <![CDATA[Login Success::dashboard     http://orangehrm.qedgetech.com/symfony/web/index.php/dashboard]]>
    </system-out>
  </testcase> <!-- validate_Login -->
  <testcase classname="sep14.Cross_browser_testing" name="validate_Login" time="4.236">
    <system-out>
      <![CDATA[Login Success::dashboard     http://orangehrm.qedgetech.com/symfony/web/index.php/dashboard]]>
    </system-out>
  </testcase> <!-- validate_Login -->
  <testcase classname="sep14.Cross_browser_testing" name="validate_Login" time="1.377">
    <system-out>
      <![CDATA[Login Fail::dashboard     http://orangehrm.qedgetech.com/symfony/web/index.php/auth/validateCredentials]]>
    </system-out>
  </testcase> <!-- validate_Login -->
  <testcase classname="sep14.Cross_browser_testing" name="validate_Login" time="1.601">
    <system-out>
      <![CDATA[Login Success::dashboard     http://orangehrm.qedgetech.com/symfony/web/index.php/dashboard]]>
    </system-out>
  </testcase> <!-- validate_Login -->
  <system-out>
    <![CDATA[Login Success::dashboard     http://orangehrm.qedgetech.com/symfony/web/index.php/dashboard
Login Success::dashboard     http://orangehrm.qedgetech.com/symfony/web/index.php/dashboard
Login Fail::dashboard     http://orangehrm.qedgetech.com/symfony/web/index.php/auth/validateCredentials
Login Success::dashboard     http://orangehrm.qedgetech.com/symfony/web/index.php/dashboard
Login Success::dashboard     http://orangehrm.qedgetech.com/symfony/web/index.php/dashboard
Login Success::dashboard     http://orangehrm.qedgetech.com/symfony/web/index.php/dashboard
Login Success::dashboard     http://orangehrm.qedgetech.com/symfony/web/index.php/dashboard
Login Fail::dashboard     http://orangehrm.qedgetech.com/symfony/web/index.php/auth/validateCredentials
Login Success::dashboard     http://orangehrm.qedgetech.com/symfony/web/index.php/dashboard
Login Success::dashboard     http://orangehrm.qedgetech.com/symfony/web/index.php/dashboard]]>
  </system-out>
</testsuite> <!-- sep14.Cross_browser_testing -->
