<?xml version="1.0" encoding="UTF-8"?>
<!-- Generated by org.testng.reporters.JUnitReportReporter -->
<testsuite hostname="DESKTOP-0RV8SGU" failures="0" tests="10" name="sep14.Cross_browser_testing1" time="18.871" errors="0" timestamp="2023-09-14T15:08:22 IST" skipped="0">
  <testcase classname="sep14.Cross_browser_testing1" name="validate_Login" time="1.866">
    <system-out>
      <![CDATA[Login Success::dashboard     http://orangehrm.qedgetech.com/symfony/web/index.php/dashboard]]>
    </system-out>
  </testcase> <!-- validate_Login -->
  <testcase classname="sep14.Cross_browser_testing1" name="validate_Login" time="1.280">
    <system-out>
      <![CDATA[Login Fail::dashboard     http://orangehrm.qedgetech.com/symfony/web/index.php/auth/validateCredentials]]>
    </system-out>
  </testcase> <!-- validate_Login -->
  <testcase classname="sep14.Cross_browser_testing1" name="validate_Login" time="1.931">
    <system-out>
      <![CDATA[Login Success::dashboard     http://orangehrm.qedgetech.com/symfony/web/index.php/dashboard]]>
    </system-out>
  </testcase> <!-- validate_Login -->
  <testcase classname="sep14.Cross_browser_testing1" name="validate_Login" time="0.672">
    <system-out>
      <![CDATA[Login Fail::dashboard     http://orangehrm.qedgetech.com/symfony/web/index.php/auth/validateCredentials]]>
    </system-out>
  </testcase> <!-- validate_Login -->
  <testcase classname="sep14.Cross_browser_testing1" name="validate_Login" time="2.726">
    <system-out>
      <![CDATA[Login Success::dashboard     http://orangehrm.qedgetech.com/symfony/web/index.php/dashboard]]>
    </system-out>
  </testcase> <!-- validate_Login -->
  <testcase classname="sep14.Cross_browser_testing1" name="validate_Login" time="2.301">
    <system-out>
      <![CDATA[Login Success::dashboard     http://orangehrm.qedgetech.com/symfony/web/index.php/dashboard]]>
    </system-out>
  </testcase> <!-- validate_Login -->
  <testcase classname="sep14.Cross_browser_testing1" name="validate_Login" time="1.689">
    <system-out>
      <![CDATA[Login Success::dashboard     http://orangehrm.qedgetech.com/symfony/web/index.php/dashboard]]>
    </system-out>
  </testcase> <!-- validate_Login -->
  <testcase classname="sep14.Cross_browser_testing1" name="validate_Login" time="2.923">
    <system-out>
      <![CDATA[Login Success::dashboard     http://orangehrm.qedgetech.com/symfony/web/index.php/dashboard]]>
    </system-out>
  </testcase> <!-- validate_Login -->
  <testcase classname="sep14.Cross_browser_testing1" name="validate_Login" time="1.525">
    <system-out>
      <![CDATA[Login Success::dashboard     http://orangehrm.qedgetech.com/symfony/web/index.php/dashboard]]>
    </system-out>
  </testcase> <!-- validate_Login -->
  <testcase classname="sep14.Cross_browser_testing1" name="validate_Login" time="1.958">
    <system-out>
      <![CDATA[Login Success::dashboard     http://orangehrm.qedgetech.com/symfony/web/index.php/dashboard]]>
    </system-out>
  </testcase> <!-- validate_Login -->
  <system-out>
    <![CDATA[Login Success::dashboard     http://orangehrm.qedgetech.com/symfony/web/index.php/dashboard
Login Success::dashboard     http://orangehrm.qedgetech.com/symfony/web/index.php/dashboard
Login Fail::dashboard     http://orangehrm.qedgetech.com/symfony/web/index.php/auth/validateCredentials
Login Success::dashboard     http://orangehrm.qedgetech.com/symfony/web/index.php/dashboard
Login Success::dashboard     http://orangehrm.qedgetech.com/symfony/web/index.php/dashboard
Login Success::dashboard     http://orangehrm.qedgetech.com/symfony/web/index.php/dashboard
Login Success::dashboard     http://orangehrm.qedgetech.com/symfony/web/index.php/dashboard
Login Fail::dashboard     http://orangehrm.qedgetech.com/symfony/web/index.php/auth/validateCredentials
Login Success::dashboard     http://orangehrm.qedgetech.com/symfony/web/index.php/dashboard
Login Success::dashboard     http://orangehrm.qedgetech.com/symfony/web/index.php/dashboard]]>
  </system-out>
</testsuite> <!-- sep14.Cross_browser_testing1 -->
