<?xml version="1.0" encoding="UTF-8"?>
<!-- Generated by org.testng.reporters.JUnitReportReporter -->
<testsuite hostname="DESKTOP-0RV8SGU" failures="0" tests="1" name="sep14.Assert_Equals" time="7.508" errors="0" timestamp="2023-09-14T15:18:41 IST" skipped="0">
  <testcase classname="sep14.Assert_Equals" name="startest" time="7.508"/>
</testsuite> <!-- sep14.Assert_Equals -->
