<?xml version="1.0" encoding="UTF-8"?>
<!-- Generated by org.testng.reporters.JUnitReportReporter -->
<testsuite hostname="DESKTOP-0RV8SGU" failures="0" tests="2" name="sep15.Advance_Reports" time="12.538" errors="0" timestamp="2023-09-22T16:14:28 IST" skipped="0">
  <testcase classname="sep15.Advance_Reports" name="testfatal" time="5.117"/>
  <testcase classname="sep15.Advance_Reports" name="testpass" time="7.421"/>
</testsuite> <!-- sep15.Advance_Reports -->
