<?xml version="1.0" encoding="UTF-8"?>
<!-- Generated by org.testng.reporters.JUnitReportReporter -->
<testsuite hostname="DESKTOP-0RV8SGU" failures="0" tests="4" name="sep11.SecondtestNGclass" time="49.487" errors="0" timestamp="2023-09-13T14:55:48 IST" skipped="0">
  <testcase classname="sep11.SecondtestNGclass" name="multiplication" time="14.523">
    <system-out>
      <![CDATA[345635744     Executing multiplication test]]>
    </system-out>
  </testcase> <!-- multiplication -->
  <testcase classname="sep11.SecondtestNGclass" name="addition" time="12.897">
    <system-out>
      <![CDATA[81524     Executing addition test]]>
    </system-out>
  </testcase> <!-- addition -->
  <testcase classname="sep11.SecondtestNGclass" name="division" time="13.127">
    <system-out>
      <![CDATA[419.13291139240505     Executing division test]]>
    </system-out>
  </testcase> <!-- division -->
  <testcase classname="sep11.SecondtestNGclass" name="addition" time="8.940">
    <system-out>
      <![CDATA[81524     Executing addition test]]>
    </system-out>
  </testcase> <!-- addition -->
  <system-out>
    <![CDATA[Running Precondition
81524     Executing addition test
Running Postcondition
Running Precondition
81524     Executing addition test
Running Postcondition
Running Precondition
419.13291139240505     Executing division test
Running Postcondition
Running Precondition
345635744     Executing multiplication test
Running Postcondition]]>
  </system-out>
</testsuite> <!-- sep11.SecondtestNGclass -->
