<?xml version="1.0" encoding="UTF-8"?>
<!-- Generated by org.testng.reporters.JUnitReportReporter -->
<testsuite hostname="DESKTOP-0RV8SGU" failures="0" tests="1" name="sep14.Assert_false" time="7.033" errors="0" timestamp="2023-09-14T15:26:47 IST" skipped="0">
  <testcase classname="sep14.Assert_false" name="starttest" time="7.033"/>
</testsuite> <!-- sep14.Assert_false -->
